<?xml version="1.0" encoding="UTF-8"?>
<testng-results ignored="0" total="1" passed="1" failed="0" skipped="0">
  <reporter-output>
  </reporter-output>
  <suite started-at="2021-06-10T15:17:22 IST" name="Default suite" finished-at="2021-06-10T15:17:29 IST" duration-ms="7315">
    <groups>
    </groups>
    <test started-at="2021-06-10T15:17:22 IST" name="Default test" finished-at="2021-06-10T15:17:29 IST" duration-ms="7315">
      <class name="Academy.E2ESelPrj01.Ap_FecthingXpathsFromPropFIle">
        <test-method signature="FecthingXpathsFromPropFIle()[pri:0, instance:Academy.E2ESelPrj01.Ap_FecthingXpathsFromPropFIle@5bfa9431]" started-at="2021-06-10T15:17:22 IST" name="FecthingXpathsFromPropFIle" finished-at="2021-06-10T15:17:29 IST" duration-ms="7276" status="PASS">
          <reporter-output>
          </reporter-output>
        </test-method> <!-- FecthingXpathsFromPropFIle -->
      </class> <!-- Academy.E2ESelPrj01.Ap_FecthingXpathsFromPropFIle -->
    </test> <!-- Default test -->
  </suite> <!-- Default suite -->
</testng-results>
